<?xml version="1.0" encoding="UTF-8"?>
<!-- Generated by org.testng.reporters.JUnitReportReporter -->
<testsuite hostname="Minhajs-MacBook-Pro.local" failures="0" tests="1" name="com.testautomation.Testrunner.TestRunner" time="16.155" errors="0" timestamp="24 Mar 2021 16:16:49 GMT" skipped="0">
  <testcase classname="com.testautomation.Testrunner.TestRunner" name="feature" time="16.155"/>
</testsuite> <!-- com.testautomation.Testrunner.TestRunner -->
